<?xml version="1.0" encoding="UTF-8"?>
<testng-results ignored="0" total="1" passed="1" failed="0" skipped="0">
  <reporter-output>
  </reporter-output>
  <suite started-at="2023-11-30T04:42:55 IST" name="Default suite" finished-at="2023-11-30T04:43:21 IST" duration-ms="25444">
    <groups>
    </groups>
    <test started-at="2023-11-30T04:42:55 IST" name="Default test" finished-at="2023-11-30T04:43:21 IST" duration-ms="25444">
      <class name="tests.AdNabuTest">
        <test-method is-config="true" signature="setUp()[pri:0, instance:tests.AdNabuTest@2ad48653]" started-at="2023-11-30T04:42:55 IST" name="setUp" finished-at="2023-11-30T04:42:58 IST" duration-ms="2233" status="PASS">
          <reporter-output>
          </reporter-output>
        </test-method> <!-- setUp -->
        <test-method signature="testScenario()[pri:0, instance:tests.AdNabuTest@2ad48653]" started-at="2023-11-30T04:42:58 IST" name="testScenario" finished-at="2023-11-30T04:43:20 IST" duration-ms="22524" status="PASS">
          <reporter-output>
          </reporter-output>
        </test-method> <!-- testScenario -->
        <test-method is-config="true" signature="tearDown()[pri:0, instance:tests.AdNabuTest@2ad48653]" started-at="2023-11-30T04:43:20 IST" name="tearDown" finished-at="2023-11-30T04:43:21 IST" duration-ms="663" status="PASS">
          <reporter-output>
          </reporter-output>
        </test-method> <!-- tearDown -->
      </class> <!-- tests.AdNabuTest -->
    </test> <!-- Default test -->
  </suite> <!-- Default suite -->
</testng-results>
